<?xml version="1.0" encoding="UTF-8" standalone="yes"?>
<ns2:test-suite start="1491213767425" stop="1491213767933" version="1.4.14" xmlns:ns2="urn:model.allure.qatools.yandex.ru">
    <name>Default suite : Default test</name>
    <title>Default suite : Default test</title>
    <test-cases>
        <test-case start="1491213767493" stop="1491213767503" status="pending">
            <name>getjsonkeys</name>
            <failure>
                <message>Test not implemented yet</message>
                <stack-trace>There are no stack trace</stack-trace>
            </failure>
            <steps/>
            <attachments/>
            <labels>
                <label name="host" value="XE-T-NITINGO"/>
                <label name="thread" value="14520@XE-T-NITINGO.main(1)"/>
            </labels>
        </test-case>
        <test-case start="1491213767505" stop="1491213767505" status="pending">
            <name>readjson1</name>
            <failure>
                <message>Test not implemented yet</message>
                <stack-trace>There are no stack trace</stack-trace>
            </failure>
            <steps/>
            <attachments/>
            <labels>
                <label name="host" value="XE-T-NITINGO"/>
                <label name="thread" value="14520@XE-T-NITINGO.main(1)"/>
            </labels>
        </test-case>
        <test-case start="1491213767506" stop="1491213767506" status="pending">
            <name>writejsonobject</name>
            <failure>
                <message>Test not implemented yet</message>
                <stack-trace>There are no stack trace</stack-trace>
            </failure>
            <steps/>
            <attachments/>
            <labels>
                <label name="host" value="XE-T-NITINGO"/>
                <label name="thread" value="14520@XE-T-NITINGO.main(1)"/>
            </labels>
        </test-case>
        <test-case start="1491213767507" stop="1491213767507" status="pending">
            <name>readjsonarray</name>
            <failure>
                <message>Test not implemented yet</message>
                <stack-trace>There are no stack trace</stack-trace>
            </failure>
            <steps/>
            <attachments/>
            <labels>
                <label name="host" value="XE-T-NITINGO"/>
                <label name="thread" value="14520@XE-T-NITINGO.main(1)"/>
            </labels>
        </test-case>
        <test-case start="1491213767508" stop="1491213767508" status="pending">
            <name>readjsonfile</name>
            <failure>
                <message>Test not implemented yet</message>
                <stack-trace>There are no stack trace</stack-trace>
            </failure>
            <steps/>
            <attachments/>
            <labels>
                <label name="host" value="XE-T-NITINGO"/>
                <label name="thread" value="14520@XE-T-NITINGO.main(1)"/>
            </labels>
        </test-case>
        <test-case start="1491213767558" stop="1491213767631" status="passed">
            <name>addKey</name>
            <steps/>
            <attachments/>
            <labels>
                <label name="host" value="XE-T-NITINGO"/>
                <label name="thread" value="14520@XE-T-NITINGO.main(1)"/>
            </labels>
        </test-case>
    </test-cases>
    <labels>
        <label name="framework" value="TestNG"/>
        <label name="language" value="JAVA"/>
    </labels>
</ns2:test-suite>
