<?xml version="1.0" encoding="UTF-8" standalone="yes"?>
<ns2:test-suite start="1491214290790" stop="1491214291266" version="1.4.14" xmlns:ns2="urn:model.allure.qatools.yandex.ru">
    <name>Default suite : Default test</name>
    <title>Default suite : Default test</title>
    <test-cases>
        <test-case start="1491214290820" stop="1491214290826" status="pending">
            <name>getjsonkeys</name>
            <failure>
                <message>Test not implemented yet</message>
                <stack-trace>There are no stack trace</stack-trace>
            </failure>
            <steps/>
            <attachments/>
            <labels>
                <label name="host" value="XE-T-NITINGO"/>
                <label name="thread" value="15136@XE-T-NITINGO.main(1)"/>
            </labels>
        </test-case>
        <test-case start="1491214290828" stop="1491214290828" status="pending">
            <name>readjson1</name>
            <failure>
                <message>Test not implemented yet</message>
                <stack-trace>There are no stack trace</stack-trace>
            </failure>
            <steps/>
            <attachments/>
            <labels>
                <label name="host" value="XE-T-NITINGO"/>
                <label name="thread" value="15136@XE-T-NITINGO.main(1)"/>
            </labels>
        </test-case>
        <test-case start="1491214290829" stop="1491214290829" status="pending">
            <name>writejsonobject</name>
            <failure>
                <message>Test not implemented yet</message>
                <stack-trace>There are no stack trace</stack-trace>
            </failure>
            <steps/>
            <attachments/>
            <labels>
                <label name="host" value="XE-T-NITINGO"/>
                <label name="thread" value="15136@XE-T-NITINGO.main(1)"/>
            </labels>
        </test-case>
        <test-case start="1491214290829" stop="1491214290829" status="pending">
            <name>readjsonarray</name>
            <failure>
                <message>Test not implemented yet</message>
                <stack-trace>There are no stack trace</stack-trace>
            </failure>
            <steps/>
            <attachments/>
            <labels>
                <label name="host" value="XE-T-NITINGO"/>
                <label name="thread" value="15136@XE-T-NITINGO.main(1)"/>
            </labels>
        </test-case>
        <test-case start="1491214290830" stop="1491214290830" status="pending">
            <name>readjsonfile</name>
            <failure>
                <message>Test not implemented yet</message>
                <stack-trace>There are no stack trace</stack-trace>
            </failure>
            <steps/>
            <attachments/>
            <labels>
                <label name="host" value="XE-T-NITINGO"/>
                <label name="thread" value="15136@XE-T-NITINGO.main(1)"/>
            </labels>
        </test-case>
        <test-case start="1491214290878" stop="1491214290959" status="passed">
            <name>addKey</name>
            <steps/>
            <attachments/>
            <labels>
                <label name="host" value="XE-T-NITINGO"/>
                <label name="thread" value="15136@XE-T-NITINGO.main(1)"/>
            </labels>
        </test-case>
    </test-cases>
    <labels>
        <label name="framework" value="TestNG"/>
        <label name="language" value="JAVA"/>
    </labels>
</ns2:test-suite>
