<?xml version="1.0" encoding="UTF-8" standalone="yes"?>
<ns2:test-suite start="1491025457952" stop="1491025458421" version="1.4.14" xmlns:ns2="urn:model.allure.qatools.yandex.ru">
    <name>Default suite : Default test</name>
    <title>Default suite : Default test</title>
    <test-cases>
        <test-case start="1491025457985" stop="1491025457993" status="pending">
            <name>getjsonkeys</name>
            <failure>
                <message>Test not implemented yet</message>
                <stack-trace>There are no stack trace</stack-trace>
            </failure>
            <steps/>
            <attachments/>
            <labels>
                <label name="host" value="XE-T-NITINGO"/>
                <label name="thread" value="14284@XE-T-NITINGO.main(1)"/>
            </labels>
        </test-case>
        <test-case start="1491025457994" stop="1491025457994" status="pending">
            <name>readjson1</name>
            <failure>
                <message>Test not implemented yet</message>
                <stack-trace>There are no stack trace</stack-trace>
            </failure>
            <steps/>
            <attachments/>
            <labels>
                <label name="host" value="XE-T-NITINGO"/>
                <label name="thread" value="14284@XE-T-NITINGO.main(1)"/>
            </labels>
        </test-case>
        <test-case start="1491025457995" stop="1491025457995" status="pending">
            <name>writejsonobject</name>
            <failure>
                <message>Test not implemented yet</message>
                <stack-trace>There are no stack trace</stack-trace>
            </failure>
            <steps/>
            <attachments/>
            <labels>
                <label name="host" value="XE-T-NITINGO"/>
                <label name="thread" value="14284@XE-T-NITINGO.main(1)"/>
            </labels>
        </test-case>
        <test-case start="1491025457996" stop="1491025457996" status="pending">
            <name>readjsonarray</name>
            <failure>
                <message>Test not implemented yet</message>
                <stack-trace>There are no stack trace</stack-trace>
            </failure>
            <steps/>
            <attachments/>
            <labels>
                <label name="host" value="XE-T-NITINGO"/>
                <label name="thread" value="14284@XE-T-NITINGO.main(1)"/>
            </labels>
        </test-case>
        <test-case start="1491025457997" stop="1491025457997" status="pending">
            <name>readjsonfile</name>
            <failure>
                <message>Test not implemented yet</message>
                <stack-trace>There are no stack trace</stack-trace>
            </failure>
            <steps/>
            <attachments/>
            <labels>
                <label name="host" value="XE-T-NITINGO"/>
                <label name="thread" value="14284@XE-T-NITINGO.main(1)"/>
            </labels>
        </test-case>
        <test-case start="1491025458049" stop="1491025458130" status="passed">
            <name>addKey</name>
            <steps/>
            <attachments/>
            <labels>
                <label name="host" value="XE-T-NITINGO"/>
                <label name="thread" value="14284@XE-T-NITINGO.main(1)"/>
            </labels>
        </test-case>
    </test-cases>
    <labels>
        <label name="framework" value="TestNG"/>
        <label name="language" value="JAVA"/>
    </labels>
</ns2:test-suite>
